\BOOKMARK [1][-]{section.1}{\376\377\000I\000n\000t\000r\000o\000d\000u\000c\000c\000i\000\363\000n}{}% 1
\BOOKMARK [1][-]{section.2}{\376\377\000M\000a\000r\000c\000o\000\040\000t\000e\000\363\000r\000i\000c\000o\000\040\000y\000\040\000t\000r\000a\000b\000a\000j\000o\000s\000\040\000r\000e\000l\000a\000c\000i\000o\000n\000a\000d\000o\000s}{}% 2
\BOOKMARK [1][-]{section.3}{\376\377\000M\000e\000t\000o\000d\000o\000l\000o\000g\000\355\000a\000\040\000d\000e\000\040\000i\000n\000v\000e\000s\000t\000i\000g\000a\000c\000i\000\363\000n\000\040\000a\000p\000l\000i\000c\000a\000d\000a}{}% 3
\BOOKMARK [1][-]{section.4}{\376\377\000I\000m\000p\000l\000e\000m\000e\000n\000t\000a\000c\000i\000\363\000n\000\040\000d\000e\000l\000\040\000s\000o\000f\000t\000w\000a\000r\000e}{}% 4
\BOOKMARK [2][-]{subsection.4.1}{\376\377\000D\000i\000s\000e\000\361\000o\000\040\000d\000e\000l\000\040\000s\000i\000s\000t\000e\000m\000a}{section.4}% 5
\BOOKMARK [3][-]{subsubsection.4.1.1}{\376\377\000A\000r\000q\000u\000i\000t\000e\000c\000t\000u\000r\000a\000\040\000d\000e\000t\000a\000l\000l\000a\000d\000a}{subsection.4.1}% 6
\BOOKMARK [2][-]{subsection.4.2}{\376\377\000B\000a\000c\000k\000e\000n\000d}{section.4}% 7
\BOOKMARK [3][-]{subsubsection.4.2.1}{\376\377\000C\000\363\000d\000i\000g\000o\000\040\000d\000e\000\040\000e\000j\000e\000m\000p\000l\000o}{subsection.4.2}% 8
\BOOKMARK [2][-]{subsection.4.3}{\376\377\000B\000a\000s\000e\000\040\000d\000e\000\040\000d\000a\000t\000o\000s}{section.4}% 9
\BOOKMARK [3][-]{subsubsection.4.3.1}{\376\377\000E\000s\000q\000u\000e\000m\000a\000\040\000d\000e\000\040\000b\000a\000s\000e\000\040\000d\000e\000\040\000d\000a\000t\000o\000s}{subsection.4.3}% 10
\BOOKMARK [2][-]{subsection.4.4}{\376\377\000I\000n\000t\000e\000g\000r\000a\000c\000i\000\363\000n\000\040\000d\000e\000\040\000m\000a\000p\000a\000s}{section.4}% 11
\BOOKMARK [3][-]{subsubsection.4.4.1}{\376\377\000D\000i\000a\000g\000r\000a\000m\000a\000\040\000d\000e\000\040\000a\000r\000q\000u\000i\000t\000e\000c\000t\000u\000r\000a}{subsection.4.4}% 12
\BOOKMARK [3][-]{subsubsection.4.4.2}{\376\377\000C\000\363\000d\000i\000g\000o\000\040\000a\000d\000i\000c\000i\000o\000n\000a\000l\000\040\000d\000e\000\040\000e\000j\000e\000m\000p\000l\000o}{subsection.4.4}% 13
\BOOKMARK [3][-]{subsubsection.4.4.3}{\376\377\000D\000e\000s\000c\000r\000i\000p\000c\000i\000\363\000n\000\040\000d\000e\000t\000a\000l\000l\000a\000d\000a\000\040\000d\000e\000l\000\040\000d\000i\000a\000g\000r\000a\000m\000a}{subsection.4.4}% 14
\BOOKMARK [1][-]{section.5}{\376\377\000E\000v\000a\000l\000u\000a\000c\000i\000\363\000n\000\040\000y\000\040\000r\000e\000s\000u\000l\000t\000a\000d\000o\000s}{}% 15
\BOOKMARK [2][-]{subsection.5.1}{\376\377\000M\000\351\000t\000r\000i\000c\000a\000s\000\040\000d\000e\000\040\000r\000e\000n\000d\000i\000m\000i\000e\000n\000t\000o}{section.5}% 16
\BOOKMARK [2][-]{subsection.5.2}{\376\377\000A\000n\000\341\000l\000i\000s\000i\000s\000\040\000c\000o\000m\000p\000a\000r\000a\000t\000i\000v\000o}{section.5}% 17
\BOOKMARK [2][-]{subsection.5.3}{\376\377\000P\000r\000u\000e\000b\000a\000s\000\040\000d\000e\000\040\000s\000e\000g\000u\000r\000i\000d\000a\000d\000\040\000e\000\040\000i\000n\000t\000e\000g\000r\000a\000c\000i\000\363\000n}{section.5}% 18
\BOOKMARK [1][-]{section.6}{\376\377\000D\000i\000s\000c\000u\000s\000i\000\363\000n}{}% 19
\BOOKMARK [2][-]{subsection.6.1}{\376\377\000I\000m\000p\000l\000i\000c\000a\000c\000i\000o\000n\000e\000s\000\040\000s\000o\000c\000i\000a\000l\000e\000s\000\040\000y\000\040\000e\000c\000o\000n\000\363\000m\000i\000c\000a\000s}{section.6}% 20
\BOOKMARK [2][-]{subsection.6.2}{\376\377\000I\000m\000p\000l\000i\000c\000a\000c\000i\000o\000n\000e\000s\000\040\000a\000m\000b\000i\000e\000n\000t\000a\000l\000e\000s}{section.6}% 21
\BOOKMARK [2][-]{subsection.6.3}{\376\377\000L\000i\000m\000i\000t\000a\000c\000i\000o\000n\000e\000s\000\040\000t\000\351\000c\000n\000i\000c\000a\000s}{section.6}% 22
\BOOKMARK [1][-]{section.7}{\376\377\000L\000i\000m\000i\000t\000a\000c\000i\000o\000n\000e\000s\000\040\000y\000\040\000d\000e\000s\000a\000f\000\355\000o\000s\000\040\000f\000u\000t\000u\000r\000o\000s}{}% 23
\BOOKMARK [1][-]{section.8}{\376\377\000I\000m\000p\000a\000c\000t\000o}{}% 24
\BOOKMARK [1][-]{section.9}{\376\377\000C\000a\000s\000o\000s\000\040\000d\000e\000\040\000e\000s\000t\000u\000d\000i\000o\000\040\000y\000\040\000e\000x\000p\000e\000r\000i\000m\000e\000n\000t\000o\000s}{}% 25
\BOOKMARK [1][-]{section.10}{\376\377\000T\000r\000a\000b\000a\000j\000o\000\040\000f\000u\000t\000u\000r\000o\000\040\000y\000\040\000e\000x\000t\000e\000n\000s\000i\000o\000n\000e\000s}{}% 26
\BOOKMARK [1][-]{section.11}{\376\377\000C\000o\000n\000c\000l\000u\000s\000i\000o\000n\000e\000s}{}% 27
\BOOKMARK [2][-]{subsection.11.1}{\376\377\000T\000r\000a\000b\000a\000j\000o\000\040\000f\000u\000t\000u\000r\000o}{section.11}% 28
\BOOKMARK [1][-]{section*.11}{\376\377\000A\000p\000\351\000n\000d\000i\000c\000e}{}% 29
\BOOKMARK [2][-]{subsection.Appendix.A.1}{\376\377\000C\000o\000n\000f\000i\000g\000u\000r\000a\000c\000i\000\363\000n\000\040\000d\000e\000l\000\040\000s\000e\000r\000v\000i\000d\000o\000r\000\040\000M\000Q\000T\000T}{section*.11}% 30
\BOOKMARK [2][-]{subsection.Appendix.A.2}{\376\377\000I\000n\000t\000e\000g\000r\000a\000c\000i\000\363\000n\000\040\000c\000o\000n\000\040\000M\000a\000p\000b\000o\000x}{section*.11}% 31
\BOOKMARK [2][-]{subsection.Appendix.A.3}{\376\377\000P\000r\000u\000e\000b\000a\000s\000\040\000d\000e\000\040\000c\000a\000r\000g\000a}{section*.11}% 32
\BOOKMARK [2][-]{subsection.Appendix.A.4}{\376\377\000G\000e\000s\000t\000i\000\363\000n\000\040\000d\000e\000\040\000e\000r\000r\000o\000r\000e\000s}{section*.11}% 33
\BOOKMARK [2][-]{subsection.Appendix.A.5}{\376\377\000E\000s\000c\000e\000n\000a\000r\000i\000o\000\040\000u\000r\000b\000a\000n\000o\000\040\000d\000e\000\040\000u\000s\000u\000a\000r\000i\000o\000\040\000f\000i\000n\000a\000l}{section*.11}% 34
\BOOKMARK [2][-]{subsection.Appendix.A.6}{\376\377\000M\000o\000n\000i\000t\000o\000r\000e\000o\000\040\000a\000d\000m\000i\000n\000i\000s\000t\000r\000a\000t\000i\000v\000o\000\040\000o\000p\000e\000r\000a\000t\000i\000v\000o}{section*.11}% 35
\BOOKMARK [2][-]{subsection.Appendix.A.7}{\376\377\000P\000o\000t\000e\000n\000c\000i\000a\000l\000\040\000d\000e\000\040\000i\000n\000t\000e\000g\000r\000a\000c\000i\000\363\000n\000\040\000d\000e\000\040\000s\000e\000n\000s\000o\000r\000e\000s\000\040\000I\000o\000T}{section*.11}% 36
\BOOKMARK [2][-]{subsection.Appendix.A.8}{\376\377\000O\000r\000q\000u\000e\000s\000t\000a\000c\000i\000\363\000n\000\040\000c\000o\000n\000\040\000D\000o\000c\000k\000e\000r}{section*.11}% 37
\BOOKMARK [2][-]{subsection.Appendix.A.9}{\376\377\000P\000r\000u\000e\000b\000a\000s\000\040\000d\000e\000\040\000i\000n\000t\000e\000g\000r\000a\000c\000i\000\363\000n\000\040\000a\000u\000t\000o\000m\000a\000t\000i\000z\000a\000d\000a\000s}{section*.11}% 38
\BOOKMARK [2][-]{subsection.Appendix.A.10}{\376\377\000M\000\351\000t\000r\000i\000c\000a\000s\000\040\000y\000\040\000m\000o\000n\000i\000t\000o\000r\000e\000o}{section*.11}% 39
\BOOKMARK [2][-]{subsection.Appendix.A.11}{\376\377\000D\000i\000a\000g\000r\000a\000m\000a\000\040\000d\000e\000\040\000c\000o\000m\000p\000o\000n\000e\000n\000t\000e\000s}{section*.11}% 40
\BOOKMARK [2][-]{subsection.Appendix.A.12}{\376\377\000D\000i\000a\000g\000r\000a\000m\000a\000\040\000d\000e\000\040\000d\000e\000s\000p\000l\000i\000e\000g\000u\000e}{section*.11}% 41
