\BOOKMARK [1][-]{section*.1}{\376\377\000R\000e\000s\000u\000m\000e\000n}{}% 1
\BOOKMARK [1][-]{section.1}{\376\377\0001\000\040\000I\000n\000t\000r\000o\000d\000u\000c\000c\000i\000\363\000n}{}% 2
\BOOKMARK [1][-]{section.2}{\376\377\0002\000\040\000M\000a\000r\000c\000o\000\040\000t\000e\000\363\000r\000i\000c\000o\000\040\000y\000\040\000t\000r\000a\000b\000a\000j\000o\000s\000\040\000r\000e\000l\000a\000c\000i\000o\000n\000a\000d\000o\000s}{}% 3
\BOOKMARK [1][-]{section.3}{\376\377\0003\000\040\000M\000e\000t\000o\000d\000o\000l\000o\000g\000\355\000a\000\040\000d\000e\000\040\000i\000n\000v\000e\000s\000t\000i\000g\000a\000c\000i\000\363\000n\000\040\000a\000p\000l\000i\000c\000a\000d\000a}{}% 4
\BOOKMARK [1][-]{section.4}{\376\377\0004\000\040\000I\000m\000p\000l\000e\000m\000e\000n\000t\000a\000c\000i\000\363\000n\000\040\000d\000e\000l\000\040\000s\000o\000f\000t\000w\000a\000r\000e}{}% 5
\BOOKMARK [2][-]{subsection.4.1}{\376\377\0004\000.\0001\000\040\000D\000i\000s\000e\000\361\000o\000\040\000d\000e\000l\000\040\000s\000i\000s\000t\000e\000m\000a}{section.4}% 6
\BOOKMARK [2][-]{subsection.4.2}{\376\377\0004\000.\0002\000\040\000B\000a\000c\000k\000e\000n\000d}{section.4}% 7
\BOOKMARK [2][-]{subsection.4.3}{\376\377\0004\000.\0003\000\040\000B\000a\000s\000e\000\040\000d\000e\000\040\000d\000a\000t\000o\000s}{section.4}% 8
\BOOKMARK [2][-]{subsection.4.4}{\376\377\0004\000.\0004\000\040\000I\000n\000t\000e\000g\000r\000a\000c\000i\000\363\000n\000\040\000d\000e\000\040\000m\000a\000p\000a\000s}{section.4}% 9
\BOOKMARK [1][-]{section.5}{\376\377\0005\000\040\000E\000v\000a\000l\000u\000a\000c\000i\000\363\000n\000\040\000y\000\040\000r\000e\000s\000u\000l\000t\000a\000d\000o\000s}{}% 10
\BOOKMARK [2][-]{subsection.5.1}{\376\377\0005\000.\0001\000\040\000M\000\351\000t\000r\000i\000c\000a\000s\000\040\000d\000e\000\040\000r\000e\000n\000d\000i\000m\000i\000e\000n\000t\000o}{section.5}% 11
\BOOKMARK [2][-]{subsection.5.2}{\376\377\0005\000.\0002\000\040\000A\000n\000\341\000l\000i\000s\000i\000s\000\040\000c\000o\000m\000p\000a\000r\000a\000t\000i\000v\000o}{section.5}% 12
\BOOKMARK [1][-]{section.6}{\376\377\0006\000\040\000D\000i\000s\000c\000u\000s\000i\000\363\000n}{}% 13
\BOOKMARK [2][-]{subsection.6.1}{\376\377\0006\000.\0001\000\040\000I\000m\000p\000l\000i\000c\000a\000c\000i\000o\000n\000e\000s\000\040\000s\000o\000c\000i\000a\000l\000e\000s\000\040\000y\000\040\000e\000c\000o\000n\000\363\000m\000i\000c\000a\000s}{section.6}% 14
\BOOKMARK [2][-]{subsection.6.2}{\376\377\0006\000.\0002\000\040\000I\000m\000p\000l\000i\000c\000a\000c\000i\000o\000n\000e\000s\000\040\000a\000m\000b\000i\000e\000n\000t\000a\000l\000e\000s}{section.6}% 15
\BOOKMARK [2][-]{subsection.6.3}{\376\377\0006\000.\0003\000\040\000L\000i\000m\000i\000t\000a\000c\000i\000o\000n\000e\000s\000\040\000t\000\351\000c\000n\000i\000c\000a\000s}{section.6}% 16
\BOOKMARK [1][-]{section.7}{\376\377\0007\000\040\000T\000r\000a\000b\000a\000j\000o\000\040\000f\000u\000t\000u\000r\000o\000\040\000y\000\040\000e\000x\000t\000e\000n\000s\000i\000o\000n\000e\000s}{}% 17
\BOOKMARK [1][-]{section.8}{\376\377\0008\000\040\000C\000o\000n\000c\000l\000u\000s\000i\000o\000n\000e\000s}{}% 18
\BOOKMARK [2][-]{subsection.8.1}{\376\377\0008\000.\0001\000\040\000T\000r\000a\000b\000a\000j\000o\000\040\000f\000u\000t\000u\000r\000o}{section.8}% 19
\BOOKMARK [1][-]{appendix.Alph1}{\376\377\000A\000\040\000C\000h\000e\000c\000k\000l\000i\000s\000t\000\040\000d\000e\000\040\000r\000e\000p\000r\000o\000d\000u\000c\000i\000b\000i\000l\000i\000d\000a\000d\000\040\000\050\000p\000l\000a\000n\000t\000i\000l\000l\000a\000\051}{}% 20
\BOOKMARK [1][-]{appendix.Alph2}{\376\377\000B\000\040\000D\000e\000t\000a\000l\000l\000e\000s\000\040\000t\000\351\000c\000n\000i\000c\000o\000s\000\040\000a\000d\000i\000c\000i\000o\000n\000a\000l\000e\000s}{}% 21
\BOOKMARK [2][-]{subsection.Alph2.1}{\376\377\000B\000.\0001\000\040\000C\000o\000n\000f\000i\000g\000u\000r\000a\000c\000i\000\363\000n\000\040\000d\000e\000l\000\040\000s\000e\000r\000v\000i\000d\000o\000r\000\040\000M\000Q\000T\000T}{appendix.Alph2}% 22
\BOOKMARK [2][-]{subsection.Alph2.2}{\376\377\000B\000.\0002\000\040\000I\000n\000t\000e\000g\000r\000a\000c\000i\000\363\000n\000\040\000c\000o\000n\000\040\000M\000a\000p\000b\000o\000x}{appendix.Alph2}% 23
\BOOKMARK [2][-]{subsection.Alph2.3}{\376\377\000B\000.\0003\000\040\000P\000r\000u\000e\000b\000a\000s\000\040\000d\000e\000\040\000c\000a\000r\000g\000a}{appendix.Alph2}% 24
\BOOKMARK [2][-]{subsection.Alph2.4}{\376\377\000B\000.\0004\000\040\000C\000\363\000d\000i\000g\000o\000s\000\040\000d\000e\000\040\000e\000r\000r\000o\000r}{appendix.Alph2}% 25
\BOOKMARK [1][-]{appendix.Alph3}{\376\377\000C\000\040\000C\000a\000s\000o\000s\000\040\000d\000e\000\040\000u\000s\000o\000\040\000d\000e\000t\000a\000l\000l\000a\000d\000o\000s}{}% 26
\BOOKMARK [2][-]{subsection.Alph3.1}{\376\377\000C\000.\0001\000\040\000E\000s\000c\000e\000n\000a\000r\000i\000o\000\040\000u\000r\000b\000a\000n\000o\000\040\000t\000\355\000p\000i\000c\000o}{appendix.Alph3}% 27
\BOOKMARK [2][-]{subsection.Alph3.2}{\376\377\000C\000.\0002\000\040\000M\000o\000n\000i\000t\000o\000r\000e\000o\000\040\000a\000d\000m\000i\000n\000i\000s\000t\000r\000a\000t\000i\000v\000o}{appendix.Alph3}% 28
\BOOKMARK [2][-]{subsection.Alph3.3}{\376\377\000C\000.\0003\000\040\000I\000n\000t\000e\000g\000r\000a\000c\000i\000\363\000n\000\040\000f\000u\000t\000u\000r\000a\000\040\000c\000o\000n\000\040\000I\000o\000T}{appendix.Alph3}% 29
\BOOKMARK [1][-]{appendix.Alph4}{\376\377\000D\000\040\000A\000g\000r\000a\000d\000e\000c\000i\000m\000i\000e\000n\000t\000o\000s}{}% 30
\BOOKMARK [1][-]{appendix.Alph5}{\376\377\000E\000\040\000C\000o\000n\000t\000r\000i\000b\000u\000c\000i\000o\000n\000e\000s\000\040\000d\000e\000\040\000a\000u\000t\000o\000r}{}% 31
\BOOKMARK [1][-]{appendix.Alph6}{\376\377\000F\000\040\000D\000e\000t\000a\000l\000l\000e\000s\000\040\000a\000d\000i\000c\000i\000o\000n\000a\000l\000e\000s\000\040\000d\000e\000\040\000i\000m\000p\000l\000e\000m\000e\000n\000t\000a\000c\000i\000\363\000n}{}% 32
\BOOKMARK [2][-]{subsection.Alph6.1}{\376\377\000F\000.\0001\000\040\000C\000o\000n\000f\000i\000g\000u\000r\000a\000c\000i\000\363\000n\000\040\000d\000e\000\040\000D\000o\000c\000k\000e\000r}{appendix.Alph6}% 33
\BOOKMARK [2][-]{subsection.Alph6.2}{\376\377\000F\000.\0002\000\040\000P\000r\000u\000e\000b\000a\000s\000\040\000d\000e\000\040\000i\000n\000t\000e\000g\000r\000a\000c\000i\000\363\000n}{appendix.Alph6}% 34
\BOOKMARK [2][-]{subsection.Alph6.3}{\376\377\000F\000.\0003\000\040\000M\000\351\000t\000r\000i\000c\000a\000s\000\040\000d\000e\000\040\000m\000o\000n\000i\000t\000o\000r\000e\000o}{appendix.Alph6}% 35
\BOOKMARK [1][-]{appendix.Alph7}{\376\377\000G\000\040\000G\000l\000o\000s\000a\000r\000i\000o\000\040\000d\000e\000\040\000t\000\351\000r\000m\000i\000n\000o\000s}{}% 36
\BOOKMARK [1][-]{appendix.Alph8}{\376\377\000H\000\040\000R\000e\000f\000e\000r\000e\000n\000c\000i\000a\000s\000\040\000a\000d\000i\000c\000i\000o\000n\000a\000l\000e\000s}{}% 37
\BOOKMARK [1][-]{appendix.Alph9}{\376\377\000I\000\040\000D\000i\000a\000g\000r\000a\000m\000a\000s\000\040\000d\000e\000\040\000a\000r\000q\000u\000i\000t\000e\000c\000t\000u\000r\000a}{}% 38
\BOOKMARK [1][-]{appendix.Alph10}{\376\377\000J\000\040\000C\000\363\000d\000i\000g\000o\000\040\000f\000u\000e\000n\000t\000e\000\040\000c\000o\000m\000p\000l\000e\000t\000o}{}% 39
\BOOKMARK [1][-]{section*.5}{\376\377\000R\000e\000f\000e\000r\000e\000n\000c\000i\000a\000s}{}% 40
